<?xml version="1.0" encoding="UTF-8"?>
<!-- Generated by org.testng.reporters.JUnitReportReporter -->
<testsuite skipped="0" hostname="DESKTOP-5K0ARHJ" name="restcountries.RestCountries.TestCountryCode" tests="1" failures="0" timestamp="2020-11-15T11:10:21 PST" time="14.501" errors="0">
  <testcase name="param_countryCode" time="14.501" classname="restcountries.RestCountries.TestCountryCode"/>
  <system-out/>
</testsuite> <!-- restcountries.RestCountries.TestCountryCode -->
